<?xml version="1.0" encoding="UTF-8"?>
<testng-results ignored="0" total="2" passed="2" failed="0" skipped="0">
  <reporter-output>
  </reporter-output>
  <suite started-at="2019-04-04T22:59:12 IST" name="Surefire suite" finished-at="2019-04-04T22:59:12 IST" duration-ms="55">
    <groups>
    </groups>
    <test started-at="2019-04-04T22:59:12 IST" name="Surefire test" finished-at="2019-04-04T22:59:12 IST" duration-ms="55">
      <class name="myGroupId.Appium">
        <test-method signature="appium()[pri:0, instance:myGroupId.Appium@4cc451f2]" started-at="2019-04-04T22:59:12 IST" name="appium" finished-at="2019-04-04T22:59:12 IST" duration-ms="8" status="PASS">
          <reporter-output>
          </reporter-output>
        </test-method> <!-- appium -->
        <test-method signature="ios()[pri:0, instance:myGroupId.Appium@4cc451f2]" started-at="2019-04-04T22:59:12 IST" name="ios" finished-at="2019-04-04T22:59:12 IST" duration-ms="0" status="PASS">
          <reporter-output>
          </reporter-output>
        </test-method> <!-- ios -->
      </class> <!-- myGroupId.Appium -->
    </test> <!-- Surefire test -->
  </suite> <!-- Surefire suite -->
</testng-results>
