<?xml version="1.0" encoding="UTF-8"?>
<testng-results ignored="0" total="8" passed="7" failed="1" skipped="0">
  <reporter-output>
  </reporter-output>
  <suite started-at="2019-04-04T17:13:00Z" name="Default suite" finished-at="2019-04-04T17:13:00Z" duration-ms="75">
    <groups>
    </groups>
    <test started-at="2019-04-04T17:13:00Z" name="Default test" finished-at="2019-04-04T17:13:00Z" duration-ms="75">
      <class name="myGroupId.SeleneniumTest">
        <test-method signature="Browser()[pri:0, instance:myGroupId.SeleneniumTest@ed7f8b4]" started-at="2019-04-04T17:13:00Z" name="Browser" finished-at="2019-04-04T17:13:00Z" duration-ms="10" status="PASS">
          <reporter-output>
          </reporter-output>
        </test-method> <!-- Browser -->
        <test-method signature="element()[pri:0, instance:myGroupId.SeleneniumTest@ed7f8b4]" started-at="2019-04-04T17:13:00Z" name="element" finished-at="2019-04-04T17:13:00Z" duration-ms="2" status="PASS">
          <reporter-output>
          </reporter-output>
        </test-method> <!-- element -->
      </class> <!-- myGroupId.SeleneniumTest -->
      <class name="myGroupId.selenuim22">
        <test-method signature="jiraa()[pri:0, instance:myGroupId.selenuim22@4c309d4d]" started-at="2019-04-04T17:13:00Z" name="jiraa" finished-at="2019-04-04T17:13:00Z" duration-ms="2" status="PASS">
          <reporter-output>
          </reporter-output>
        </test-method> <!-- jiraa -->
        <test-method signature="twiterat()[pri:0, instance:myGroupId.selenuim22@4c309d4d]" started-at="2019-04-04T17:13:00Z" name="twiterat" finished-at="2019-04-04T17:13:00Z" duration-ms="2" status="FAIL">
          <exception class="java.lang.Error">
            <message>
              <![CDATA[Unresolved compilation problem: 
Syntax error, insert ";" to complete BlockStatements
]]>
            </message>
            <full-stacktrace>
              <![CDATA[java.lang.Error: Unresolved compilation problem: 
Syntax error, insert ";" to complete BlockStatements

at myGroupId.selenuim22.twiterat(selenuim22.java:16)
at java.base/jdk.internal.reflect.NativeMethodAccessorImpl.invoke0(Native Method)
at java.base/jdk.internal.reflect.NativeMethodAccessorImpl.invoke(NativeMethodAccessorImpl.java:62)
at java.base/jdk.internal.reflect.DelegatingMethodAccessorImpl.invoke(DelegatingMethodAccessorImpl.java:43)
at java.base/java.lang.reflect.Method.invoke(Method.java:566)
at org.testng.internal.MethodInvocationHelper.invokeMethod(MethodInvocationHelper.java:124)
at org.testng.internal.Invoker.invokeMethod(Invoker.java:583)
at org.testng.internal.Invoker.invokeTestMethod(Invoker.java:719)
at org.testng.internal.Invoker.invokeTestMethods(Invoker.java:989)
at org.testng.internal.TestMethodWorker.invokeTestMethods(TestMethodWorker.java:125)
at org.testng.internal.TestMethodWorker.run(TestMethodWorker.java:109)
at org.testng.TestRunner.privateRun(TestRunner.java:648)
at org.testng.TestRunner.run(TestRunner.java:505)
at org.testng.SuiteRunner.runTest(SuiteRunner.java:455)
at org.testng.SuiteRunner.runSequentially(SuiteRunner.java:450)
at org.testng.SuiteRunner.privateRun(SuiteRunner.java:415)
at org.testng.SuiteRunner.run(SuiteRunner.java:364)
at org.testng.SuiteRunnerWorker.runSuite(SuiteRunnerWorker.java:52)
at org.testng.SuiteRunnerWorker.run(SuiteRunnerWorker.java:84)
at org.testng.TestNG.runSuitesSequentially(TestNG.java:1208)
at org.testng.TestNG.runSuitesLocally(TestNG.java:1137)
at org.testng.TestNG.runSuites(TestNG.java:1049)
at org.testng.TestNG.run(TestNG.java:1017)
at org.testng.remote.AbstractRemoteTestNG.run(AbstractRemoteTestNG.java:115)
at org.testng.remote.RemoteTestNG.initAndRun(RemoteTestNG.java:251)
at org.testng.remote.RemoteTestNG.main(RemoteTestNG.java:77)
]]>
            </full-stacktrace>
          </exception> <!-- java.lang.Error -->
          <reporter-output>
          </reporter-output>
        </test-method> <!-- twiterat -->
      </class> <!-- myGroupId.selenuim22 -->
      <class name="myGroupId.Apitest">
        <test-method signature="jira()[pri:0, instance:myGroupId.Apitest@38102d01]" started-at="2019-04-04T17:13:00Z" name="jira" finished-at="2019-04-04T17:13:00Z" duration-ms="2" status="PASS">
          <reporter-output>
          </reporter-output>
        </test-method> <!-- jira -->
        <test-method signature="twitert()[pri:0, instance:myGroupId.Apitest@38102d01]" started-at="2019-04-04T17:13:00Z" name="twitert" finished-at="2019-04-04T17:13:00Z" duration-ms="2" status="PASS">
          <reporter-output>
          </reporter-output>
        </test-method> <!-- twitert -->
      </class> <!-- myGroupId.Apitest -->
      <class name="myGroupId.Appium">
        <test-method signature="appium()[pri:0, instance:myGroupId.Appium@37883b97]" started-at="2019-04-04T17:13:00Z" name="appium" finished-at="2019-04-04T17:13:00Z" duration-ms="2" status="PASS">
          <reporter-output>
          </reporter-output>
        </test-method> <!-- appium -->
        <test-method signature="ios()[pri:0, instance:myGroupId.Appium@37883b97]" started-at="2019-04-04T17:13:00Z" name="ios" finished-at="2019-04-04T17:13:00Z" duration-ms="3" status="PASS">
          <reporter-output>
          </reporter-output>
        </test-method> <!-- ios -->
      </class> <!-- myGroupId.Appium -->
    </test> <!-- Default test -->
  </suite> <!-- Default suite -->
</testng-results>
